0 info it worked if it ends with ok
1 verbose cli [ '/usr/bin/nodejs', '/usr/bin/npm', 'install', '-g', 'hexo-cli' ]
2 info using npm@1.3.10
3 info using node@v0.10.25
4 verbose cache add [ 'hexo-cli', null ]
5 verbose cache add name=undefined spec="hexo-cli" args=["hexo-cli",null]
6 verbose parsed url { protocol: null,
6 verbose parsed url   slashes: null,
6 verbose parsed url   auth: null,
6 verbose parsed url   host: null,
6 verbose parsed url   port: null,
6 verbose parsed url   hostname: null,
6 verbose parsed url   hash: null,
6 verbose parsed url   search: null,
6 verbose parsed url   query: null,
6 verbose parsed url   pathname: 'hexo-cli',
6 verbose parsed url   path: 'hexo-cli',
6 verbose parsed url   href: 'hexo-cli' }
7 silly lockFile 48f79efe-hexo-cli hexo-cli
8 verbose lock hexo-cli /home/murasakiyoru/.npm/48f79efe-hexo-cli.lock
9 silly lockFile 48f79efe-hexo-cli hexo-cli
10 silly lockFile 48f79efe-hexo-cli hexo-cli
11 verbose addNamed [ 'hexo-cli', '' ]
12 verbose addNamed [ null, '*' ]
13 silly lockFile f0acc666-hexo-cli hexo-cli@
14 verbose lock hexo-cli@ /home/murasakiyoru/.npm/f0acc666-hexo-cli.lock
15 silly addNameRange { name: 'hexo-cli', range: '*', hasData: false }
16 verbose url raw hexo-cli
17 verbose url resolving [ 'https://registry.npmjs.org/', './hexo-cli' ]
18 verbose url resolved https://registry.npmjs.org/hexo-cli
19 info trying registry request attempt 1 at 00:58:06
20 http GET https://registry.npmjs.org/hexo-cli
21 http 200 https://registry.npmjs.org/hexo-cli
22 silly registry.get cb [ 200,
22 silly registry.get   { server: 'CouchDB/1.5.0 (Erlang OTP/R16B03)',
22 silly registry.get     etag: '"2B3XOX6VZZ3O63S6AIQNHCTCE"',
22 silly registry.get     'content-type': 'application/json',
22 silly registry.get     'cache-control': 'max-age=300',
22 silly registry.get     'content-length': '25853',
22 silly registry.get     'accept-ranges': 'bytes',
22 silly registry.get     date: 'Tue, 09 Aug 2016 16:58:07 GMT',
22 silly registry.get     via: '1.1 varnish',
22 silly registry.get     age: '0',
22 silly registry.get     connection: 'keep-alive',
22 silly registry.get     'x-served-by': 'cache-hkg6823-HKG',
22 silly registry.get     'x-cache': 'HIT',
22 silly registry.get     'x-cache-hits': '1',
22 silly registry.get     'x-timer': 'S1470761886.826384,VS0,VE199',
22 silly registry.get     vary: 'Accept-Encoding' } ]
23 silly addNameRange number 2 { name: 'hexo-cli', range: '*', hasData: true }
24 silly addNameRange versions [ 'hexo-cli',
24 silly addNameRange   [ '0.0.1',
24 silly addNameRange     '0.1.0',
24 silly addNameRange     '0.1.1',
24 silly addNameRange     '0.1.2',
24 silly addNameRange     '0.1.3',
24 silly addNameRange     '0.1.4',
24 silly addNameRange     '0.1.5',
24 silly addNameRange     '0.1.6',
24 silly addNameRange     '0.1.7',
24 silly addNameRange     '0.1.8',
24 silly addNameRange     '0.1.9',
24 silly addNameRange     '0.2.0',
24 silly addNameRange     '0.2.1',
24 silly addNameRange     '1.0.0',
24 silly addNameRange     '1.0.1',
24 silly addNameRange     '1.0.2' ] ]
25 verbose addNamed [ 'hexo-cli', '1.0.2' ]
26 verbose addNamed [ '1.0.2', '1.0.2' ]
27 silly lockFile f3d0df3c-hexo-cli-1-0-2 hexo-cli@1.0.2
28 verbose lock hexo-cli@1.0.2 /home/murasakiyoru/.npm/f3d0df3c-hexo-cli-1-0-2.lock
29 silly lockFile f3d0df3c-hexo-cli-1-0-2 hexo-cli@1.0.2
30 silly lockFile f3d0df3c-hexo-cli-1-0-2 hexo-cli@1.0.2
31 silly lockFile f0acc666-hexo-cli hexo-cli@
32 silly lockFile f0acc666-hexo-cli hexo-cli@
33 silly resolved [ { name: 'hexo-cli',
33 silly resolved     version: '1.0.2',
33 silly resolved     description: 'Command line interface for Hexo',
33 silly resolved     main: 'lib/hexo',
33 silly resolved     bin: { hexo: './bin/hexo' },
33 silly resolved     scripts:
33 silly resolved      { eslint: 'eslint .',
33 silly resolved        jscs: 'jscs .',
33 silly resolved        test: 'mocha test/index.js',
33 silly resolved        'test-cov': 'istanbul cover --print both _mocha -- test/index.js' },
33 silly resolved     directories: { lib: './lib', bin: './bin' },
33 silly resolved     repository:
33 silly resolved      { type: 'git',
33 silly resolved        url: 'git+https://github.com/hexojs/hexo-cli.git' },
33 silly resolved     homepage: 'https://hexo.io/',
33 silly resolved     keywords: [ 'website', 'blog', 'cms', 'framework', 'hexo', 'cli' ],
33 silly resolved     author:
33 silly resolved      { name: 'Tommy Chen',
33 silly resolved        email: 'tommy351@gmail.com',
33 silly resolved        url: 'http://zespia.tw' },
33 silly resolved     license: 'MIT',
33 silly resolved     dependencies:
33 silly resolved      { abbrev: '^1.0.7',
33 silly resolved        bluebird: '^3.4.0',
33 silly resolved        chalk: '^1.1.3',
33 silly resolved        'hexo-fs': '^0.1.5',
33 silly resolved        'hexo-log': '^0.1.2',
33 silly resolved        'hexo-util': '^0.6.0',
33 silly resolved        minimist: '^1.2.0',
33 silly resolved        'object-assign': '^4.1.0',
33 silly resolved        tildify: '^1.2.0' },
33 silly resolved     devDependencies:
33 silly resolved      { chai: '^3.5.0',
33 silly resolved        'chai-as-promised': '^5.3.0',
33 silly resolved        eslint: '^2.12.0',
33 silly resolved        'eslint-config-hexo': '^1.0.3',
33 silly resolved        'hexo-renderer-marked': '^0.2.10',
33 silly resolved        istanbul: '^0.4.3',
33 silly resolved        jscs: '^3.0.4',
33 silly resolved        'jscs-preset-hexo': '^1.0.1',
33 silly resolved        mocha: '^2.5.3',
33 silly resolved        proxyquire: '^1.7.9',
33 silly resolved        rewire: '^2.5.1',
33 silly resolved        sinon: '^1.17.4' },
33 silly resolved     gitHead: 'fb567e2d1e32929c4183ab4fcf1a5645fb646eb2',
33 silly resolved     bugs: { url: 'https://github.com/hexojs/hexo-cli/issues' },
33 silly resolved     _id: 'hexo-cli@1.0.2',
33 silly resolved     _shasum: '8ebcae88cac29254f1e9ac07f8a9f07399a8a1ae',
33 silly resolved     _from: 'hexo-cli@',
33 silly resolved     _npmVersion: '3.7.1',
33 silly resolved     _nodeVersion: '4.3.0',
33 silly resolved     _npmUser: { name: 'tommy351', email: 'tommy351@gmail.com' },
33 silly resolved     dist:
33 silly resolved      { shasum: '8ebcae88cac29254f1e9ac07f8a9f07399a8a1ae',
33 silly resolved        tarball: 'https://registry.npmjs.org/hexo-cli/-/hexo-cli-1.0.2.tgz' },
33 silly resolved     maintainers: [ [Object] ],
33 silly resolved     _npmOperationalInternal:
33 silly resolved      { host: 'packages-16-east.internal.npmjs.com',
33 silly resolved        tmp: 'tmp/hexo-cli-1.0.2.tgz_1465818839377_0.7479208533186466' },
33 silly resolved     _resolved: 'https://registry.npmjs.org/hexo-cli/-/hexo-cli-1.0.2.tgz',
33 silly resolved     readme: 'ERROR: No README data found!' } ]
34 info install hexo-cli@1.0.2 into /usr/local/lib
35 info installOne hexo-cli@1.0.2
36 info /usr/local/lib/node_modules/hexo-cli unbuild
37 verbose tar unpack /home/murasakiyoru/.npm/hexo-cli/1.0.2/package.tgz
38 silly lockFile 66c81d99--local-lib-node-modules-hexo-cli tar:///usr/local/lib/node_modules/hexo-cli
39 verbose lock tar:///usr/local/lib/node_modules/hexo-cli /home/murasakiyoru/.npm/66c81d99--local-lib-node-modules-hexo-cli.lock
40 silly lockFile c089c6ca-u-npm-hexo-cli-1-0-2-package-tgz tar:///home/murasakiyoru/.npm/hexo-cli/1.0.2/package.tgz
41 verbose lock tar:///home/murasakiyoru/.npm/hexo-cli/1.0.2/package.tgz /home/murasakiyoru/.npm/c089c6ca-u-npm-hexo-cli-1-0-2-package-tgz.lock
42 silly gunzTarPerm modes [ '755', '644' ]
43 error Error: EACCES, mkdir '/usr/local/lib/node_modules'
43 error  { [Error: EACCES, mkdir '/usr/local/lib/node_modules']
43 error   errno: 3,
43 error   code: 'EACCES',
43 error   path: '/usr/local/lib/node_modules',
43 error   fstream_type: 'Directory',
43 error   fstream_path: '/usr/local/lib/node_modules/hexo-cli',
43 error   fstream_class: 'DirWriter',
43 error   fstream_stack:
43 error    [ '/usr/lib/nodejs/fstream/lib/writer.js:171:23',
43 error      '/usr/lib/nodejs/mkdirp/index.js:37:53',
43 error      'Object.oncomplete (fs.js:107:15)' ] }
44 error Please try running this command again as root/Administrator.
45 error System Linux 4.4.0-31-generic
46 error command "/usr/bin/nodejs" "/usr/bin/npm" "install" "-g" "hexo-cli"
47 error cwd /home/murasakiyoru/MyHexoBlog
48 error node -v v0.10.25
49 error npm -v 1.3.10
50 error path /usr/local/lib/node_modules
51 error fstream_path /usr/local/lib/node_modules/hexo-cli
52 error fstream_type Directory
53 error fstream_class DirWriter
54 error code EACCES
55 error errno 3
56 error stack Error: EACCES, mkdir '/usr/local/lib/node_modules'
57 error fstream_stack /usr/lib/nodejs/fstream/lib/writer.js:171:23
57 error fstream_stack /usr/lib/nodejs/mkdirp/index.js:37:53
57 error fstream_stack Object.oncomplete (fs.js:107:15)
58 verbose exit [ 3, true ]
